<?xml version="1.0" encoding="UTF-8"?>
<!-- Generated by org.testng.reporters.JUnitReportReporter -->
<testsuite hostname="Johans-MacBook-Pro-2.local" failures="0" tests="2" name="com.datadriven.framework.test.LoginTest.LoginTest" time="14.630" errors="0" timestamp="2021-02-10T16:05:31 MST" skipped="0">
  <testcase classname="com.datadriven.framework.test.LoginTest.LoginTest" name="testTwo" time="5.052"/>
  <system-out/>
  <testcase classname="com.datadriven.framework.test.LoginTest.LoginTest" name="testOne" time="9.578"/>
  <system-out/>
</testsuite> <!-- com.datadriven.framework.test.LoginTest.LoginTest -->
