<?xml version="1.0" encoding="UTF-8"?>
<!-- Generated by org.testng.reporters.JUnitReportReporter -->
<testsuite hostname="Johans-MacBook-Pro-2.local" failures="0" tests="7" name="com.datadriven.framework.utils.TestDataProvider" time="0.014" errors="0" timestamp="2021-02-10T18:34:26 MST" skipped="0">
  <testcase classname="com.datadriven.framework.utils.TestDataProvider" name="sampleTestOne" time="0.001"/>
  <system-out/>
  <testcase classname="com.datadriven.framework.utils.TestDataProvider" name="sampleTestOne" time="0.001"/>
  <system-out/>
  <testcase classname="com.datadriven.framework.utils.TestDataProvider" name="sampleTestOne" time="0.001"/>
  <system-out/>
  <testcase classname="com.datadriven.framework.utils.TestDataProvider" name="sampleTestOne" time="0.001"/>
  <system-out/>
  <testcase classname="com.datadriven.framework.utils.TestDataProvider" name="sampleTestOne" time="0.001"/>
  <system-out/>
  <testcase classname="com.datadriven.framework.utils.TestDataProvider" name="sampleTestOne" time="0.007"/>
  <system-out/>
  <testcase classname="com.datadriven.framework.utils.TestDataProvider" name="sampleTestOne" time="0.002"/>
  <system-out/>
</testsuite> <!-- com.datadriven.framework.utils.TestDataProvider -->
