<?xml version="1.0" encoding="UTF-8"?>
<!-- Generated by org.testng.reporters.JUnitReportReporter -->
<testsuite hostname="Johans-MacBook-Pro-2.local" failures="0" tests="1" name="com.datadriven.framework.test.LoginTest.LoginTest" time="6.582" errors="0" timestamp="2021-02-09T23:59:53 MST" skipped="0">
  <testcase classname="com.datadriven.framework.test.LoginTest.LoginTest" name="testOne" time="6.582"/>
  <system-out/>
</testsuite> <!-- com.datadriven.framework.test.LoginTest.LoginTest -->
